<?xml version="1.0" encoding="UTF-8"?>
<!-- Generated by org.testng.reporters.JUnitXMLReporter -->
<testsuite ignored="1" hostname="DESKTOP-TMDKBPI" failures="1" tests="5" name="Assertion" time="163.609" errors="0" timestamp="2020-04-27T21:02:14 CDT">
  <testcase classname="com.indigo.mainscript.TestOne" name="flightPrice_1" time="33.116"/>
  <testcase classname="com.indigo.mainscript.TestOne" name="flightPrice_2" time="32.648">
    <skipped/>
  </testcase> <!-- flightPrice_2 -->
  <testcase classname="com.indigo.mainscript.TestOne" name="flightPrice_2" time="31.786">
    <skipped/>
  </testcase> <!-- flightPrice_2 -->
  <testcase classname="com.indigo.mainscript.TestOne" name="flightPrice_2" time="30.555">
    <skipped/>
  </testcase> <!-- flightPrice_2 -->
  <testcase classname="com.indigo.mainscript.TestOne" name="flightPrice_2" time="30.149">
    <failure type="java.lang.AssertionError" message="expected [₹1,967] but found [₹1,966]">
      <![CDATA[java.lang.AssertionError: expected [₹1,967] but found [₹1,966]
at com.indigo.testcases.TestTwo.tco2(TestTwo.java:61)
at com.indigo.mainscript.TestOne.flightPrice_2(TestOne.java:44)
at java.base/java.util.ArrayList.forEach(ArrayList.java:1540)
... Removed 32 stack frames]]>
    </failure>
  </testcase> <!-- flightPrice_2 -->
  <testcase classname="com.indigo.mainscript.TestOne" name="Testtwo" time="0.0">
    <ignored/>
  </testcase> <!-- Testtwo -->
</testsuite> <!-- Assertion -->
